#
# A fatal error has been detected by the Java Runtime Environment:
#
#  EXCEPTION_ACCESS_VIOLATION (0xc0000005) at pc=0x00007ffbbabbac35, pid=8892, tid=9832
#
# JRE version: Java(TM) SE Runtime Environment (22.0.2+9) (build 22.0.2+9-70)
# Java VM: Java HotSpot(TM) 64-Bit Server VM (22.0.2+9-70, mixed mode, sharing, tiered, compressed oops, compressed class ptrs, g1 gc, windows-amd64)
# Problematic frame:
# V  [jvm.dll+0x35ac35]
#
# No core dump will be written. Minidumps are not enabled by default on client versions of Windows
#
# If you would like to submit a bug report, please visit:
#   https://bugreport.java.com/bugreport/crash.jsp
#

---------------  S U M M A R Y ------------

Command Line: -javaagent:C:\Users\AWS\Desktop\ãÌáÏ ÌÏíÏ (2)\lib\idea_rt.jar=49496:C:\Users\AWS\Desktop\ãÌáÏ ÌÏíÏ (2)\bin -Dfile.encoding=UTF-8 -Dsun.stdout.encoding=UTF-8 -Dsun.stderr.encoding=UTF-8 firsProject.booksProject.BooksProjectApplication

Host: Intel(R) Core(TM) i7-4700HQ CPU @ 2.40GHz, 8 cores, 7G,  Windows 10 , 64 bit Build 19041 (10.0.19041.4717)
Time: Fri Sep 20 07:59:17 2024  Windows 10 , 64 bit Build 19041 (10.0.19041.4717) elapsed time: 1507.524968 seconds (0d 0h 25m 7s)

---------------  T H R E A D  ---------------

Current thread (0x0000022be98f50b0):  WorkerThread "GC Thread#3"    [id=9832, stack(0x0000004903f00000,0x0000004904000000) (1024K)]

Stack: [0x0000004903f00000,0x0000004904000000],  sp=0x0000004903fff8e0,  free space=1022k
Native frames: (J=compiled Java code, j=interpreted, Vv=VM code, C=native code)
V  [jvm.dll+0x35ac35]  (no source info available)
V  [jvm.dll+0x35bd1d]  (no source info available)
V  [jvm.dll+0x371359]  (no source info available)
V  [jvm.dll+0x371a7a]  (no source info available)
V  [jvm.dll+0x371b67]  (no source info available)
V  [jvm.dll+0x372c0b]  (no source info available)
V  [jvm.dll+0x8a4bb7]  (no source info available)
V  [jvm.dll+0x81dc0b]  (no source info available)
V  [jvm.dll+0x6e0d85]  (no source info available)
C  [ucrtbase.dll+0x21bb2]  (no source info available)
C  [KERNEL32.DLL+0x17374]  (no source info available)
C  [ntdll.dll+0x4cc91]  (no source info available)


siginfo: EXCEPTION_ACCESS_VIOLATION (0xc0000005), reading address 0x00000000540771a8


Registers:
RAX=0x0000000000000000, RBX=0x0000022be97239d0, RCX=0x0000000000000fc0, RDX=0x0000022b86fad0ac
RSP=0x0000004903fff8e0, RBP=0x0000004903fff900, RSI=0x0000004903fffa20, RDI=0x000000008364d794
R8 =0x0000017500000963, R9 =0x0000004903fff950, R10=0x00000000540771a8, R11=0x0000000000000001
R12=0x0000000000000003, R13=0x0000022be97239d0, R14=0x0000022be98fd2c0, R15=0x0000022ba39bf8b0
RIP=0x00007ffbbabbac35, EFLAGS=0x0000000000010246


Register to memory mapping:

RAX=0x0 is null
RBX=0x0000022be97239d0 points into unknown readable memory: 0x00007ffbbb257458 | 58 74 25 bb fb 7f 00 00
RCX=0x0000000000000fc0 is an unknown value
RDX=0x0000022b86fad0ac points into unknown readable memory: 00 00 00 00
RSP=0x0000004903fff8e0 points into unknown readable memory: 0x0000022ba39bf8b0 | b0 f8 9b a3 2b 02 00 00
RBP=0x0000004903fff900 points into unknown readable memory: 0x0000022b84cf8470 | 70 84 cf 84 2b 02 00 00
RSI=0x0000004903fffa20 points into unknown readable memory: 0x00007ffbbb25a068 | 68 a0 25 bb fb 7f 00 00
RDI=
[error occurred during error reporting (printing register info), id 0xc0000005, EXCEPTION_ACCESS_VIOLATION (0xc0000005) at pc=0x00007ffbbaa2ed86]
R8 =0x0000017500000963 is an unknown value
R9 =0x0000004903fff950 points into unknown readable memory: 0x000000008364d795 | 95 d7 64 83 00 00 00 00
R10=0x00000000540771a8 is an unknown value
R11=0x0000000000000001 is an unknown value
R12=0x0000000000000003 is an unknown value
R13=0x0000022be97239d0 points into unknown readable memory: 0x00007ffbbb257458 | 58 74 25 bb fb 7f 00 00
R14=0x0000022be98fd2c0 points into unknown readable memory: 0x0000022b00000008 | 08 00 00 00 2b 02 00 00
R15=0x0000022ba39bf8b0 points into unknown readable memory: 0x0000000000000000 | 00 00 00 00 00 00 00 00

Top of Stack: (sp=0x0000004903fff8e0)
0x0000004903fff8e0:   0000022ba39bf8b0 0000022be98fd2c0
0x0000004903fff8f0:   0000022ba39bf8b0 0000022be98fd2c0
0x0000004903fff900:   0000022b84cf8470 0000022be97239d0
0x0000004903fff910:   0000004903fff9b0 00007ffbbabbbd1d
0x0000004903fff920:   0000022be97239d0 0000004903000000
0x0000004903fff930:   0000004903fffa20 0000022be972fe01
0x0000004903fff940:   0000000000000005 00007ffbbabd1359
0x0000004903fff950:   000000008364d795 0000000000000000
0x0000004903fff960:   0000004903fff9b0 0000004903fffa20
0x0000004903fff970:   00000049030fee00 00007ffbbaf3b31f
0x0000004903fff980:   0000000000000000 0000000000000000
0x0000004903fff990:   0000022be9000000 00007ffbbabc73bf
0x0000004903fff9a0:   0000022be98fd2c0 00007ffbbb088dc7
0x0000004903fff9b0:   0000022ba39bf8b0 0000022be98fd2c0
0x0000004903fff9c0:   00000000000003d8 0000022ba39bfc98
0x0000004903fff9d0:   0000000000000005 00007ffbbabd1a7a
0x0000004903fff9e0:   0000022be97239d0 0000000000000014
0x0000004903fff9f0:   00000049030fee00 0000022b86f58920
0x0000004903fffa00:   0000001200000010 0000000000000005
0x0000004903fffa10:   000000037f90ffa3 000000048917b812
0x0000004903fffa20:   00007ffbbb25a068 0000000000000000
0x0000004903fffa30:   0000000000000000 0000000000000000
0x0000004903fffa40:   0000022b86f69940 0000022be97239d0
0x0000004903fffa50:   0000022b84cf8470 00000049030fee30
0x0000004903fffa60:   0000000000000014 0000000000000000
0x0000004903fffa70:   0000000000000000 0000000000000000
0x0000004903fffa80:   0000022ba39bf8c0 00007ffbbabd1b67
0x0000004903fffa90:   0000022be97239d0 0000000000000005
0x0000004903fffaa0:   0000022ba39dd130 00000049030fee00
0x0000004903fffab0:   0000022b00000016 0000004900000014
0x0000004903fffac0:   00000049030fee00 00007ffbbabd2c0b
0x0000004903fffad0:   0000022be97239d0 0000022ba39dd130 

Instructions: (pc=0x00007ffbbabbac35)
0x00007ffbbabbab35:   8b 0d cd f3 8d 00 48 d3 e2 48 03 15 bb f3 8d 00
0x00007ffbbabbab45:   eb 04 48 8b 55 08 48 8b 4e 08 4e 8d 04 e5 00 00
0x00007ffbbabbab55:   00 00 80 7c 24 41 01 44 8b 8c 24 b0 00 00 00 0f
0x00007ffbbabbab65:   94 c0 48 8b 89 28 04 00 00 88 44 24 20 e8 b9 e9
0x00007ffbbabbab75:   01 00 48 8b c3 48 8b 9c 24 90 00 00 00 4c 8b bc
0x00007ffbbabbab85:   24 a0 00 00 00 48 8b ac 24 a8 00 00 00 48 83 c4
0x00007ffbbabbab95:   60 41 5e 41 5d 41 5c 5f 5e c3 cc 48 83 ec 38 0f
0x00007ffbbabbaba5:   b7 02 66 89 44 24 20 0f b6 42 02 48 8d 54 24 20
0x00007ffbbabbabb5:   88 44 24 22 e8 92 02 00 00 48 83 c4 38 c3 cc cc
0x00007ffbbabbabc5:   cc cc cc cc cc cc cc cc cc cc cc 40 55 53 57 48
0x00007ffbbabbabd5:   8b ec 48 83 ec 20 48 8b fa 48 8b d9 f6 c2 01 0f
0x00007ffbbabbabe5:   84 3d 01 00 00 8b 0d f0 18 88 00 48 ff cf 48 8b
0x00007ffbbabbabf5:   53 08 44 8b 17 49 d3 e2 8b 8a c8 05 00 00 4c 03
0x00007ffbbabbac05:   15 ce 18 88 00 48 8b 92 b8 05 00 00 49 8b c2 48
0x00007ffbbabbac15:   d3 e8 48 8d 0c 40 0f b7 04 0a 66 89 45 28 80 7d
0x00007ffbbabbac25:   29 00 0f b6 44 0a 02 88 45 2a 0f 8c 12 02 00 00
0x00007ffbbabbac35:   4d 8b 02 41 0f b6 c0 24 03 3c 03 75 06 49 83 e0
0x00007ffbbabbac45:   fc eb 24 0f b7 45 28 48 8d 55 30 66 89 45 30 4d
0x00007ffbbabbac55:   8b c8 0f b6 45 2a 4d 8b c2 48 8b cb 88 45 32 e8
0x00007ffbbabbac65:   e7 01 00 00 4c 8b c0 8b 0d 6e 18 88 00 49 8b d0
0x00007ffbbabbac75:   48 2b 15 5c 18 88 00 48 d3 ea 89 17 48 8b d7 8b
0x00007ffbbabbac85:   0d 36 9d 8e 00 49 33 d0 48 d3 ea 48 85 d2 0f 84
0x00007ffbbabbac95:   ae 01 00 00 48 8b 43 08 48 8b d7 8b 88 c8 05 00
0x00007ffbbabbaca5:   00 4c 8b 88 b8 05 00 00 48 d3 ea 49 8d 04 51 0f
0x00007ffbbabbacb5:   b7 04 02 66 89 45 28 80 7d 29 fe 0f 84 81 01 00
0x00007ffbbabbacc5:   00 49 d3 e8 4b 8d 0c 41 42 0f b7 04 01 66 89 45
0x00007ffbbabbacd5:   38 80 7d 39 00 0f 8c 14 01 00 00 48 8b 43 58 8b
0x00007ffbbabbace5:   0d 4e b0 8d 00 48 d3 ef 48 03 78 30 48 8b 50 28
0x00007ffbbabbacf5:   48 2b fa 48 39 bb b0 01 00 00 0f 84 42 01 00 00
0x00007ffbbabbad05:   48 03 d7 48 8d 4b 18 e8 3f 5c 00 00 48 ff 83 70
0x00007ffbbabbad15:   02 00 00 48 89 bb b0 01 00 00 48 83 c4 20 5f 5b
0x00007ffbbabbad25:   5d c3 40 f6 c7 03 0f 85 06 01 00 00 4c 8b 12 48 


Stack slot to memory mapping:

stack at sp + 0 slots: 0x0000022ba39bf8b0 points into unknown readable memory: 0x0000000000000000 | 00 00 00 00 00 00 00 00
stack at sp + 1 slots: 0x0000022be98fd2c0 points into unknown readable memory: 0x0000022b00000008 | 08 00 00 00 2b 02 00 00
stack at sp + 2 slots: 0x0000022ba39bf8b0 points into unknown readable memory: 0x0000000000000000 | 00 00 00 00 00 00 00 00
stack at sp + 3 slots: 0x0000022be98fd2c0 points into unknown readable memory: 0x0000022b00000008 | 08 00 00 00 2b 02 00 00
stack at sp + 4 slots: 0x0000022b84cf8470 points into unknown readable memory: 0x00007ffbbb24ffc8 | c8 ff 24 bb fb 7f 00 00
stack at sp + 5 slots: 0x0000022be97239d0 points into unknown readable memory: 0x00007ffbbb257458 | 58 74 25 bb fb 7f 00 00
stack at sp + 6 slots: 0x0000004903fff9b0 points into unknown readable memory: 0x0000022ba39bf8b0 | b0 f8 9b a3 2b 02 00 00
stack at sp + 7 slots: 0x00007ffbbabbbd1d jvm.dll


---------------  P R O C E S S  ---------------

Threads class SMR info:
_java_thread_list=0x0000022bebe52c60, length=19, elements={
0x0000022b86f59460, 0x0000022ba37a8fb0, 0x0000022ba37a9dd0, 0x0000022ba37ad760,
0x0000022ba37b01d0, 0x0000022ba37b0c30, 0x0000022ba37b4fa0, 0x0000022ba37c2570,
0x0000022ba37c3020, 0x0000022ba39b9a50, 0x0000022ba39b72f0, 0x0000022ba39b8010,
0x0000022bea48b0b0, 0x0000022bea48a9e0, 0x0000022bed46f130, 0x0000022bed46bcb0,
0x0000022bed471200, 0x0000022bed46fe50, 0x0000022bed470b70
}

Java Threads: ( => current thread )
  0x0000022b86f59460 JavaThread "main"                              [_thread_blocked, id=8876, stack(0x0000004902900000,0x0000004902a00000) (1024K)]
  0x0000022ba37a8fb0 JavaThread "Reference Handler"          daemon [_thread_blocked, id=1048, stack(0x0000004903100000,0x0000004903200000) (1024K)]
  0x0000022ba37a9dd0 JavaThread "Finalizer"                  daemon [_thread_blocked, id=11232, stack(0x0000004903200000,0x0000004903300000) (1024K)]
  0x0000022ba37ad760 JavaThread "Signal Dispatcher"          daemon [_thread_blocked, id=516, stack(0x0000004903300000,0x0000004903400000) (1024K)]
  0x0000022ba37b01d0 JavaThread "Attach Listener"            daemon [_thread_blocked, id=7776, stack(0x0000004903400000,0x0000004903500000) (1024K)]
  0x0000022ba37b0c30 JavaThread "Service Thread"             daemon [_thread_blocked, id=11520, stack(0x0000004903500000,0x0000004903600000) (1024K)]
  0x0000022ba37b4fa0 JavaThread "Monitor Deflation Thread"   daemon [_thread_blocked, id=10372, stack(0x0000004903600000,0x0000004903700000) (1024K)]
  0x0000022ba37c2570 JavaThread "C2 CompilerThread0"         daemon [_thread_blocked, id=11964, stack(0x0000004903700000,0x0000004903800000) (1024K)]
  0x0000022ba37c3020 JavaThread "C1 CompilerThread0"         daemon [_thread_blocked, id=3352, stack(0x0000004903800000,0x0000004903900000) (1024K)]
  0x0000022ba39b9a50 JavaThread "Common-Cleaner"             daemon [_thread_blocked, id=1212, stack(0x0000004903900000,0x0000004903a00000) (1024K)]
  0x0000022ba39b72f0 JavaThread "Monitor Ctrl-Break"         daemon [_thread_in_native, id=1744, stack(0x0000004903b00000,0x0000004903c00000) (1024K)]
  0x0000022ba39b8010 JavaThread "Notification Thread"        daemon [_thread_blocked, id=5248, stack(0x0000004903c00000,0x0000004903d00000) (1024K)]
  0x0000022bea48b0b0 JavaThread "C2 CompilerThread1"         daemon [_thread_blocked, id=520, stack(0x0000004903a00000,0x0000004903b00000) (1024K)]
  0x0000022bea48a9e0 JavaThread "C2 CompilerThread2"         daemon [_thread_blocked, id=9412, stack(0x0000004904300000,0x0000004904400000) (1024K)]
  0x0000022bed46f130 JavaThread "Catalina-utility-1"                [_thread_blocked, id=3832, stack(0x0000004904600000,0x0000004904700000) (1024K)]
  0x0000022bed46bcb0 JavaThread "Catalina-utility-2"                [_thread_blocked, id=5900, stack(0x0000004904700000,0x0000004904800000) (1024K)]
  0x0000022bed471200 JavaThread "container-0"                       [_thread_blocked, id=9240, stack(0x0000004904800000,0x0000004904900000) (1024K)]
  0x0000022bed46fe50 JavaThread "HikariPool-1 housekeeper"   daemon [_thread_blocked, id=7740, stack(0x0000004904900000,0x0000004904a00000) (1024K)]
  0x0000022bed470b70 JavaThread "HikariPool-1 connection adder" daemon [_thread_blocked, id=12220, stack(0x0000004904a00000,0x0000004904b00000) (1024K)]
Total: 19

Other Threads:
  0x0000022ba37884d0 VMThread "VM Thread"                           [id=12124, stack(0x0000004903000000,0x0000004903100000) (1024K)]
  0x0000022ba3770f60 WatcherThread "VM Periodic Task Thread"        [id=7280, stack(0x0000004902f00000,0x0000004903000000) (1024K)]
  0x0000022b86fb00d0 WorkerThread "GC Thread#0"                     [id=10212, stack(0x0000004902a00000,0x0000004902b00000) (1024K)]
  0x0000022be98f3e40 WorkerThread "GC Thread#1"                     [id=8640, stack(0x0000004903d00000,0x0000004903e00000) (1024K)]
  0x0000022be98f4d00 WorkerThread "GC Thread#2"                     [id=11212, stack(0x0000004903e00000,0x0000004903f00000) (1024K)]
=>0x0000022be98f50b0 WorkerThread "GC Thread#3"                     [id=9832, stack(0x0000004903f00000,0x0000004904000000) (1024K)]
  0x0000022be98f5460 WorkerThread "GC Thread#4"                     [id=7504, stack(0x0000004904000000,0x0000004904100000) (1024K)]
  0x0000022be98f4950 WorkerThread "GC Thread#5"                     [id=4836, stack(0x0000004904100000,0x0000004904200000) (1024K)]
  0x0000022be98f3a90 WorkerThread "GC Thread#6"                     [id=11420, stack(0x0000004904400000,0x0000004904500000) (1024K)]
  0x0000022be9d22390 WorkerThread "GC Thread#7"                     [id=2224, stack(0x0000004904500000,0x0000004904600000) (1024K)]
  0x0000022b86fc1f00 ConcurrentGCThread "G1 Main Marker"            [id=4144, stack(0x0000004902b00000,0x0000004902c00000) (1024K)]
  0x0000022b86fc41c0 WorkerThread "G1 Conc#0"                       [id=7616, stack(0x0000004902c00000,0x0000004902d00000) (1024K)]
  0x0000022be9d209c0 WorkerThread "G1 Conc#1"                       [id=4748, stack(0x0000004904200000,0x0000004904300000) (1024K)]
  0x0000022ba3631960 ConcurrentGCThread "G1 Refine#0"               [id=2720, stack(0x0000004902d00000,0x0000004902e00000) (1024K)]
  0x0000022b8701e7b0 ConcurrentGCThread "G1 Service"                [id=12164, stack(0x0000004902e00000,0x0000004902f00000) (1024K)]
Total: 15

Threads with active compile tasks:
C2 CompilerThread0  1507965 5204       4       org.springframework.core.annotation.TypeMappedAnnotations::get (52 bytes)
C2 CompilerThread1  1507965 5219       4       org.springframework.beans.factory.support.AbstractBeanFactory::isTypeMatch (745 bytes)
C2 CompilerThread2  1507965 5151   !   4       org.springframework.core.annotation.AnnotationsScanner::processMethodHierarchy (276 bytes)
Total: 3

VM state: at safepoint (normal execution)

VM Mutex/Monitor currently owned by a thread:  ([mutex/lock_event])
[0x00007ffbbb4ccb80] Threads_lock - owner thread: 0x0000022ba37884d0
[0x00007ffbbb4ccc80] Heap_lock - owner thread: 0x0000022b86f59460

Heap address: 0x0000000081c00000, size: 2020 MB, Compressed Oops mode: 32-bit

CDS archive(s) mapped at: [0x0000022ba4000000-0x0000022ba4c60000-0x0000022ba4c60000), size 12976128, SharedBaseAddress: 0x0000022ba4000000, ArchiveRelocationMode: 1.
Compressed class space mapped at: 0x0000022ba5000000-0x0000022be5000000, reserved size: 1073741824
Narrow klass base: 0x0000022ba4000000, Narrow klass shift: 0, Narrow klass range: 0x41000000

GC Precious Log:
 CardTable entry size: 512
 Card Set container configuration: InlinePtr #cards 5 size 8 Array Of Cards #cards 12 size 40 Howl #buckets 4 coarsen threshold 1843 Howl Bitmap #cards 512 size 80 coarsen threshold 460 Card regions per heap region 1 cards per card region 2048
 CPUs: 8 total, 8 available
 Memory: 8075M
 Large Page Support: Disabled
 NUMA Support: Disabled
 Compressed Oops: Enabled (32-bit)
 Heap Region Size: 1M
 Heap Min Capacity: 8M
 Heap Initial Capacity: 128M
 Heap Max Capacity: 2020M
 Pre-touch: Disabled
 Parallel Workers: 8
 Concurrent Workers: 2
 Concurrent Refinement Workers: 8
 Periodic GC: Disabled

Heap:
 garbage-first heap   total reserved 2068480K, committed 58368K, used 50661K [0x0000000081c00000, 0x0000000100000000)
  region size 1024K, 29 young (29696K), 4 survivors (4096K)
 Metaspace       used 63516K, committed 64256K, reserved 1114112K
  class space    used 8781K, committed 9088K, reserved 1048576K

Heap Regions: E=young(eden), S=young(survivor), O=old, HS=humongous(starts), HC=humongous(continues), CS=collection set, F=free, TAMS=top-at-mark-start, PB=parsable bottom
|   0|0x0000000081c00000, 0x0000000081d00000, 0x0000000081d00000|100%|HS|  |TAMS 0x0000000081c00000| PB 0x0000000081c00000| Complete |  0
|   1|0x0000000081d00000, 0x0000000081e00000, 0x0000000081e00000|100%| O|  |TAMS 0x0000000081d00000| PB 0x0000000081d00000| Untracked |  0
|   2|0x0000000081e00000, 0x0000000081f00000, 0x0000000081f00000|100%| O|  |TAMS 0x0000000081e00000| PB 0x0000000081e00000| Untracked |  0
|   3|0x0000000081f00000, 0x0000000082000000, 0x0000000082000000|100%| O|  |TAMS 0x0000000081f00000| PB 0x0000000081f00000| Untracked |  0
|   4|0x0000000082000000, 0x0000000082100000, 0x0000000082100000|100%| O|  |TAMS 0x0000000082000000| PB 0x0000000082000000| Untracked |  0
|   5|0x0000000082100000, 0x0000000082200000, 0x0000000082200000|100%| O|  |TAMS 0x0000000082100000| PB 0x0000000082100000| Untracked |  0
|   6|0x0000000082200000, 0x0000000082300000, 0x0000000082300000|100%| O|  |TAMS 0x0000000082200000| PB 0x0000000082200000| Untracked |  0
|   7|0x0000000082300000, 0x0000000082400000, 0x0000000082400000|100%| O|  |TAMS 0x0000000082300000| PB 0x0000000082300000| Untracked |  0
|   8|0x0000000082400000, 0x0000000082500000, 0x0000000082500000|100%| O|  |TAMS 0x0000000082400000| PB 0x0000000082400000| Untracked |  0
|   9|0x0000000082500000, 0x0000000082600000, 0x0000000082600000|100%| O|  |TAMS 0x0000000082500000| PB 0x0000000082500000| Untracked |  0
|  10|0x0000000082600000, 0x0000000082700000, 0x0000000082700000|100%| O|  |TAMS 0x0000000082600000| PB 0x0000000082600000| Untracked |  0
|  11|0x0000000082700000, 0x0000000082800000, 0x0000000082800000|100%| O|  |TAMS 0x0000000082700000| PB 0x0000000082700000| Untracked |  0
|  12|0x0000000082800000, 0x0000000082900000, 0x0000000082900000|100%| O|  |TAMS 0x0000000082800000| PB 0x0000000082800000| Untracked |  0
|  13|0x0000000082900000, 0x0000000082a00000, 0x0000000082a00000|100%| O|  |TAMS 0x0000000082900000| PB 0x0000000082900000| Untracked |  0
|  14|0x0000000082a00000, 0x0000000082b00000, 0x0000000082b00000|100%| O|  |TAMS 0x0000000082a00000| PB 0x0000000082a00000| Untracked |  0
|  15|0x0000000082b00000, 0x0000000082c00000, 0x0000000082c00000|100%| O|  |TAMS 0x0000000082b00000| PB 0x0000000082b00000| Untracked |  0
|  16|0x0000000082c00000, 0x0000000082d00000, 0x0000000082d00000|100%| O|  |TAMS 0x0000000082c00000| PB 0x0000000082c00000| Untracked |  0
|  17|0x0000000082d00000, 0x0000000082e00000, 0x0000000082e00000|100%| O|  |TAMS 0x0000000082d00000| PB 0x0000000082d00000| Untracked |  0
|  18|0x0000000082e00000, 0x0000000082f00000, 0x0000000082f00000|100%| O|  |TAMS 0x0000000082e00000| PB 0x0000000082e00000| Untracked |  0
|  19|0x0000000082f00000, 0x0000000083000000, 0x0000000083000000|100%| O|Cm|TAMS 0x0000000082f00000| PB 0x0000000082f00000| Complete |  0
|  20|0x0000000083000000, 0x0000000083100000, 0x0000000083100000|100%| O|  |TAMS 0x0000000083000000| PB 0x0000000083000000| Untracked |  0
|  21|0x0000000083100000, 0x0000000083200000, 0x0000000083200000|100%| O|  |TAMS 0x0000000083100000| PB 0x0000000083100000| Untracked |  0
|  22|0x0000000083200000, 0x0000000083300000, 0x0000000083300000|100%| O|  |TAMS 0x0000000083200000| PB 0x0000000083200000| Untracked |  0
|  23|0x0000000083300000, 0x0000000083392980, 0x0000000083400000| 57%| O|  |TAMS 0x0000000083300000| PB 0x0000000083300000| Untracked |  0
|  24|0x0000000083400000, 0x0000000083400000, 0x0000000083500000|  0%| F|  |TAMS 0x0000000083400000| PB 0x0000000083400000| Untracked |  0
|  25|0x0000000083500000, 0x0000000083591008, 0x0000000083600000| 56%| S|  |TAMS 0x0000000083500000| PB 0x0000000083500000| Complete |  0
|  26|0x0000000083600000, 0x0000000083700000, 0x0000000083700000|100%| S|  |TAMS 0x0000000083600000| PB 0x0000000083600000| Complete |  0
|  27|0x0000000083700000, 0x0000000083800000, 0x0000000083800000|100%| S|  |TAMS 0x0000000083700000| PB 0x0000000083700000| Complete |  0
|  28|0x0000000083800000, 0x0000000083900000, 0x0000000083900000|100%| S|  |TAMS 0x0000000083800000| PB 0x0000000083800000| Complete |  0
|  29|0x0000000083900000, 0x0000000083a00000, 0x0000000083a00000|100%| E|CS|TAMS 0x0000000083900000| PB 0x0000000083900000| Complete |  0
|  30|0x0000000083a00000, 0x0000000083b00000, 0x0000000083b00000|100%| E|CS|TAMS 0x0000000083a00000| PB 0x0000000083a00000| Complete |  0
|  31|0x0000000083b00000, 0x0000000083c00000, 0x0000000083c00000|100%| E|CS|TAMS 0x0000000083b00000| PB 0x0000000083b00000| Complete |  0
|  32|0x0000000083c00000, 0x0000000083d00000, 0x0000000083d00000|100%| E|CS|TAMS 0x0000000083c00000| PB 0x0000000083c00000| Complete |  0
|  33|0x0000000083d00000, 0x0000000083e00000, 0x0000000083e00000|100%| E|CS|TAMS 0x0000000083d00000| PB 0x0000000083d00000| Complete |  0
|  34|0x0000000083e00000, 0x0000000083f00000, 0x0000000083f00000|100%| E|CS|TAMS 0x0000000083e00000| PB 0x0000000083e00000| Complete |  0
|  35|0x0000000083f00000, 0x0000000084000000, 0x0000000084000000|100%| E|CS|TAMS 0x0000000083f00000| PB 0x0000000083f00000| Complete |  0
|  36|0x0000000084000000, 0x0000000084100000, 0x0000000084100000|100%| E|CS|TAMS 0x0000000084000000| PB 0x0000000084000000| Complete |  0
|  37|0x0000000084100000, 0x0000000084200000, 0x0000000084200000|100%| E|CS|TAMS 0x0000000084100000| PB 0x0000000084100000| Complete |  0
|  38|0x0000000084200000, 0x0000000084300000, 0x0000000084300000|100%| E|CS|TAMS 0x0000000084200000| PB 0x0000000084200000| Complete |  0
|  39|0x0000000084300000, 0x0000000084400000, 0x0000000084400000|100%| E|CS|TAMS 0x0000000084300000| PB 0x0000000084300000| Complete |  0
|  40|0x0000000084400000, 0x0000000084500000, 0x0000000084500000|100%| E|CS|TAMS 0x0000000084400000| PB 0x0000000084400000| Complete |  0
|  41|0x0000000084500000, 0x0000000084600000, 0x0000000084600000|100%| E|CS|TAMS 0x0000000084500000| PB 0x0000000084500000| Complete |  0
|  42|0x0000000084600000, 0x0000000084700000, 0x0000000084700000|100%| E|CS|TAMS 0x0000000084600000| PB 0x0000000084600000| Complete |  0
|  43|0x0000000084700000, 0x0000000084800000, 0x0000000084800000|100%| E|CS|TAMS 0x0000000084700000| PB 0x0000000084700000| Complete |  0
|  44|0x0000000084800000, 0x0000000084900000, 0x0000000084900000|100%| E|CS|TAMS 0x0000000084800000| PB 0x0000000084800000| Complete |  0
|  45|0x0000000084900000, 0x00000000849ccae8, 0x0000000084a00000| 79%| E|CS|TAMS 0x0000000084900000| PB 0x0000000084900000| Complete |  0
|  46|0x0000000084a00000, 0x0000000084b00000, 0x0000000084b00000|100%| E|CS|TAMS 0x0000000084a00000| PB 0x0000000084a00000| Complete |  0
|  47|0x0000000084b00000, 0x0000000084c00000, 0x0000000084c00000|100%| E|CS|TAMS 0x0000000084b00000| PB 0x0000000084b00000| Complete |  0
|  48|0x0000000084c00000, 0x0000000084d00000, 0x0000000084d00000|100%| E|CS|TAMS 0x0000000084c00000| PB 0x0000000084c00000| Complete |  0
|  85|0x0000000087100000, 0x0000000087200000, 0x0000000087200000|100%| E|CS|TAMS 0x0000000087100000| PB 0x0000000087100000| Complete |  0
|  86|0x0000000087200000, 0x0000000087300000, 0x0000000087300000|100%| E|CS|TAMS 0x0000000087200000| PB 0x0000000087200000| Complete |  0
|  87|0x0000000087300000, 0x0000000087400000, 0x0000000087400000|100%| E|CS|TAMS 0x0000000087300000| PB 0x0000000087300000| Complete |  0
|  88|0x0000000087400000, 0x0000000087500000, 0x0000000087500000|100%| E|CS|TAMS 0x0000000087400000| PB 0x0000000087400000| Complete |  0
|  89|0x0000000087500000, 0x0000000087600000, 0x0000000087600000|100%| E|CS|TAMS 0x0000000087500000| PB 0x0000000087500000| Complete |  0
|  90|0x0000000087600000, 0x0000000087700000, 0x0000000087700000|100%| E|CS|TAMS 0x0000000087600000| PB 0x0000000087600000| Complete |  0
| 126|0x0000000089a00000, 0x0000000089b00000, 0x0000000089b00000|100%| E|CS|TAMS 0x0000000089a00000| PB 0x0000000089a00000| Complete |  0
| 127|0x0000000089b00000, 0x0000000089c00000, 0x0000000089c00000|100%| E|CS|TAMS 0x0000000089b00000| PB 0x0000000089b00000| Complete |  0

Card table byte_map: [0x0000022b9e9e0000,0x0000022b9ede0000] _byte_map_base: 0x0000022b9e5d2000

Marking Bits: (CMBitMap*) 0x0000022b86fb07e0
 Bits: [0x0000022b9ede0000, 0x0000022ba0d70000)

Polling page: 0x0000022b84ef0000

Metaspace:

Usage:
  Non-class:     53.45 MB used.
      Class:      8.58 MB used.
       Both:     62.03 MB used.

Virtual space:
  Non-class space:       64.00 MB reserved,      53.88 MB ( 84%) committed,  1 nodes.
      Class space:        1.00 GB reserved,       8.88 MB ( <1%) committed,  1 nodes.
             Both:        1.06 GB reserved,      62.75 MB (  6%) committed. 

Chunk freelists:
   Non-Class:  10.17 MB
       Class:  7.14 MB
        Both:  17.31 MB

MaxMetaspaceSize: unlimited
CompressedClassSpaceSize: 1.00 GB
Initial GC threshold: 21.00 MB
Current GC threshold: 98.38 MB
CDS: on
 - commit_granule_bytes: 65536.
 - commit_granule_words: 8192.
 - virtual_space_node_default_size: 8388608.
 - enlarge_chunks_in_place: 1.
 - use_allocation_guard: 0.


Internal statistics:

num_allocs_failed_limit: 11.
num_arena_births: 922.
num_arena_deaths: 0.
num_vsnodes_births: 2.
num_vsnodes_deaths: 0.
num_space_committed: 1004.
num_space_uncommitted: 0.
num_chunks_returned_to_freelist: 11.
num_chunks_taken_from_freelist: 3226.
num_chunk_merges: 6.
num_chunk_splits: 2335.
num_chunks_enlarged: 1792.
num_inconsistent_stats: 0.

CodeHeap 'non-profiled nmethods': size=120000Kb used=2854Kb max_used=3061Kb free=117145Kb
 bounds [0x0000022b96d80000, 0x0000022b97080000, 0x0000022b9e2b0000]
CodeHeap 'profiled nmethods': size=120000Kb used=8648Kb max_used=9068Kb free=111351Kb
 bounds [0x0000022b8f2b0000, 0x0000022b8fb90000, 0x0000022b967e0000]
CodeHeap 'non-nmethods': size=5760Kb used=1680Kb max_used=1749Kb free=4079Kb
 bounds [0x0000022b967e0000, 0x0000022b96a50000, 0x0000022b96d80000]
 total_blobs=5312 nmethods=4596 adapters=620
 compilation: enabled
              stopped_count=0, restarted_count=0
 full_count=0

Compilation events (20 events):
Event: 1502.480 Thread 0x0000022ba37c3020 5339       2       org.springframework.beans.factory.annotation.InitDestroyAnnotationBeanPostProcessor$$Lambda/0x0000022ba534aae8::<init> (26 bytes)
Event: 1502.480 Thread 0x0000022ba37c3020 nmethod 5339 0x0000022b8f787410 code [0x0000022b8f7875c0, 0x0000022b8f787830]
Event: 1502.482 Thread 0x0000022ba37c3020 5340       2       org.springframework.beans.factory.support.AbstractAutowireCapableBeanFactory::populateBean (355 bytes)
Event: 1502.485 Thread 0x0000022ba37c3020 nmethod 5340 0x0000022b8f62bc10 code [0x0000022b8f62c060, 0x0000022b8f62d518]
Event: 1502.492 Thread 0x0000022ba37c3020 5342       2       java.lang.Class::copyFields (36 bytes)
Event: 1502.493 Thread 0x0000022ba37c3020 nmethod 5342 0x0000022b8f62b210 code [0x0000022b8f62b400, 0x0000022b8f62b908]
Event: 1502.493 Thread 0x0000022ba37c3020 5343       2       org.springframework.boot.context.properties.source.SpringIterableConfigurationPropertySource::getConfigurationPropertyNames (53 bytes)
Event: 1502.494 Thread 0x0000022ba37c3020 nmethod 5343 0x0000022b8f35ff90 code [0x0000022b8f360200, 0x0000022b8f3608d8]
Event: 1502.495 Thread 0x0000022ba37c3020 5344       2       java.lang.ThreadLocal$ThreadLocalMap::cleanSomeSlots (61 bytes)
Event: 1502.496 Thread 0x0000022ba37c3020 nmethod 5344 0x0000022b8f35f990 code [0x0000022b8f35fb40, 0x0000022b8f35fdb8]
Event: 1502.499 Thread 0x0000022ba37c3020 5345       2       jdk.internal.reflect.ReflectionFactory::newMethodAccessor (26 bytes)
Event: 1502.499 Thread 0x0000022ba37c3020 nmethod 5345 0x0000022b8f62ad90 code [0x0000022b8f62af40, 0x0000022b8f62b0c0]
Event: 1502.499 Thread 0x0000022ba37c3020 5346   !   2       jdk.internal.reflect.MethodHandleAccessorFactory::newMethodAccessor (61 bytes)
Event: 1502.500 Thread 0x0000022ba37c3020 nmethod 5346 0x0000022b8fa69d10 code [0x0000022b8fa69fa0, 0x0000022b8fa6a5c0]
Event: 1502.500 Thread 0x0000022ba37c3020 5347       2       jdk.internal.reflect.MethodHandleAccessorFactory::makeSpecializedTarget (97 bytes)
Event: 1502.501 Thread 0x0000022ba37c3020 nmethod 5347 0x0000022b8fa69290 code [0x0000022b8fa694c0, 0x0000022b8fa699e8]
Event: 1502.501 Thread 0x0000022ba37c3020 5348       2       jdk.internal.reflect.DirectMethodHandleAccessor::<init> (59 bytes)
Event: 1502.502 Thread 0x0000022ba37c3020 nmethod 5348 0x0000022b8fa68e10 code [0x0000022b8fa68fa0, 0x0000022b8fa691b0]
Event: 1502.502 Thread 0x0000022ba37c3020 5349   !   2       jdk.proxy2.$Proxy22::annotationType (29 bytes)
Event: 1502.502 Thread 0x0000022ba37c3020 nmethod 5349 0x0000022b8f35f310 code [0x0000022b8f35f4e0, 0x0000022b8f35f770]

GC Heap History (20 events):
Event: 1.426 GC heap after
{Heap after GC invocations=2 (full 0):
 garbage-first heap   total reserved 2068480K, committed 131072K, used 10180K [0x0000000081c00000, 0x0000000100000000)
  region size 1024K, 3 young (3072K), 3 survivors (3072K)
 Metaspace       used 16127K, committed 16448K, reserved 1114112K
  class space    used 1954K, committed 2112K, reserved 1048576K
}
Event: 2.250 GC heap before
{Heap before GC invocations=2 (full 0):
 garbage-first heap   total reserved 2068480K, committed 131072K, used 42948K [0x0000000081c00000, 0x0000000100000000)
  region size 1024K, 37 young (37888K), 3 survivors (3072K)
 Metaspace       used 21269K, committed 21504K, reserved 1114112K
  class space    used 2578K, committed 2688K, reserved 1048576K
}
Event: 2.257 GC heap after
{Heap after GC invocations=3 (full 0):
 garbage-first heap   total reserved 2068480K, committed 131072K, used 13556K [0x0000000081c00000, 0x0000000100000000)
  region size 1024K, 6 young (6144K), 6 survivors (6144K)
 Metaspace       used 21269K, committed 21504K, reserved 1114112K
  class space    used 2578K, committed 2688K, reserved 1048576K
}
Event: 3.266 GC heap before
{Heap before GC invocations=4 (full 0):
 garbage-first heap   total reserved 2068480K, committed 48128K, used 35060K [0x0000000081c00000, 0x0000000100000000)
  region size 1024K, 28 young (28672K), 6 survivors (6144K)
 Metaspace       used 25014K, committed 25472K, reserved 1114112K
  class space    used 3117K, committed 3328K, reserved 1048576K
}
Event: 3.279 GC heap after
{Heap after GC invocations=5 (full 0):
 garbage-first heap   total reserved 2068480K, committed 48128K, used 15677K [0x0000000081c00000, 0x0000000100000000)
  region size 1024K, 3 young (3072K), 3 survivors (3072K)
 Metaspace       used 25014K, committed 25472K, reserved 1114112K
  class space    used 3117K, committed 3328K, reserved 1048576K
}
Event: 4.543 GC heap before
{Heap before GC invocations=5 (full 0):
 garbage-first heap   total reserved 2068480K, committed 48128K, used 37181K [0x0000000081c00000, 0x0000000100000000)
  region size 1024K, 24 young (24576K), 3 survivors (3072K)
 Metaspace       used 29605K, committed 30080K, reserved 1114112K
  class space    used 3749K, committed 3968K, reserved 1048576K
}
Event: 4.552 GC heap after
{Heap after GC invocations=6 (full 0):
 garbage-first heap   total reserved 2068480K, committed 48128K, used 17753K [0x0000000081c00000, 0x0000000100000000)
  region size 1024K, 3 young (3072K), 3 survivors (3072K)
 Metaspace       used 29605K, committed 30080K, reserved 1114112K
  class space    used 3749K, committed 3968K, reserved 1048576K
}
Event: 5.152 GC heap before
{Heap before GC invocations=6 (full 0):
 garbage-first heap   total reserved 2068480K, committed 48128K, used 38233K [0x0000000081c00000, 0x0000000100000000)
  region size 1024K, 23 young (23552K), 3 survivors (3072K)
 Metaspace       used 34277K, committed 34816K, reserved 1114112K
  class space    used 4456K, committed 4736K, reserved 1048576K
}
Event: 5.157 GC heap after
{Heap after GC invocations=7 (full 0):
 garbage-first heap   total reserved 2068480K, committed 48128K, used 19154K [0x0000000081c00000, 0x0000000100000000)
  region size 1024K, 2 young (2048K), 2 survivors (2048K)
 Metaspace       used 34277K, committed 34816K, reserved 1114112K
  class space    used 4456K, committed 4736K, reserved 1048576K
}
Event: 5.285 GC heap before
{Heap before GC invocations=7 (full 0):
 garbage-first heap   total reserved 2068480K, committed 48128K, used 22226K [0x0000000081c00000, 0x0000000100000000)
  region size 1024K, 7 young (7168K), 2 survivors (2048K)
 Metaspace       used 35468K, committed 35968K, reserved 1114112K
  class space    used 4633K, committed 4864K, reserved 1048576K
}
Event: 5.288 GC heap after
{Heap after GC invocations=8 (full 0):
 garbage-first heap   total reserved 2068480K, committed 48128K, used 19136K [0x0000000081c00000, 0x0000000100000000)
  region size 1024K, 2 young (2048K), 2 survivors (2048K)
 Metaspace       used 35468K, committed 35968K, reserved 1114112K
  class space    used 4633K, committed 4864K, reserved 1048576K
}
Event: 5.786 GC heap before
{Heap before GC invocations=9 (full 0):
 garbage-first heap   total reserved 2068480K, committed 48128K, used 39616K [0x0000000081c00000, 0x0000000100000000)
  region size 1024K, 23 young (23552K), 2 survivors (2048K)
 Metaspace       used 42085K, committed 42624K, reserved 1114112K
  class space    used 5535K, committed 5760K, reserved 1048576K
}
Event: 5.790 GC heap after
{Heap after GC invocations=10 (full 0):
 garbage-first heap   total reserved 2068480K, committed 58368K, used 20665K [0x0000000081c00000, 0x0000000100000000)
  region size 1024K, 3 young (3072K), 3 survivors (3072K)
 Metaspace       used 42085K, committed 42624K, reserved 1114112K
  class space    used 5535K, committed 5760K, reserved 1048576K
}
Event: 6.398 GC heap before
{Heap before GC invocations=10 (full 0):
 garbage-first heap   total reserved 2068480K, committed 58368K, used 48313K [0x0000000081c00000, 0x0000000100000000)
  region size 1024K, 31 young (31744K), 3 survivors (3072K)
 Metaspace       used 51498K, committed 52096K, reserved 1114112K
  class space    used 6870K, committed 7104K, reserved 1048576K
}
Event: 6.402 GC heap after
{Heap after GC invocations=11 (full 0):
 garbage-first heap   total reserved 2068480K, committed 58368K, used 22242K [0x0000000081c00000, 0x0000000100000000)
  region size 1024K, 4 young (4096K), 4 survivors (4096K)
 Metaspace       used 51498K, committed 52096K, reserved 1114112K
  class space    used 6870K, committed 7104K, reserved 1048576K
}
Event: 6.925 GC heap before
{Heap before GC invocations=11 (full 0):
 garbage-first heap   total reserved 2068480K, committed 58368K, used 48866K [0x0000000081c00000, 0x0000000100000000)
  region size 1024K, 30 young (30720K), 4 survivors (4096K)
 Metaspace       used 57671K, committed 58368K, reserved 1114112K
  class space    used 7877K, committed 8192K, reserved 1048576K
}
Event: 6.929 GC heap after
{Heap after GC invocations=12 (full 0):
 garbage-first heap   total reserved 2068480K, committed 58368K, used 24133K [0x0000000081c00000, 0x0000000100000000)
  region size 1024K, 4 young (4096K), 4 survivors (4096K)
 Metaspace       used 57671K, committed 58368K, reserved 1114112K
  class space    used 7877K, committed 8192K, reserved 1048576K
}
Event: 7.158 GC heap before
{Heap before GC invocations=12 (full 0):
 garbage-first heap   total reserved 2068480K, committed 58368K, used 32325K [0x0000000081c00000, 0x0000000100000000)
  region size 1024K, 13 young (13312K), 4 survivors (4096K)
 Metaspace       used 59690K, committed 60288K, reserved 1114112K
  class space    used 8162K, committed 8448K, reserved 1048576K
}
Event: 7.165 GC heap after
{Heap after GC invocations=13 (full 0):
 garbage-first heap   total reserved 2068480K, committed 58368K, used 25061K [0x0000000081c00000, 0x0000000100000000)
  region size 1024K, 3 young (3072K), 3 survivors (3072K)
 Metaspace       used 59690K, committed 60288K, reserved 1114112K
  class space    used 8162K, committed 8448K, reserved 1048576K
}
Event: 1502.506 GC heap before
{Heap before GC invocations=14 (full 0):
 garbage-first heap   total reserved 2068480K, committed 58368K, used 50661K [0x0000000081c00000, 0x0000000100000000)
  region size 1024K, 28 young (28672K), 3 survivors (3072K)
 Metaspace       used 63516K, committed 64256K, reserved 1114112K
  class space    used 8781K, committed 9088K, reserved 1048576K
}

Dll operation events (14 events):
Event: 0.012 Loaded shared library C:\jdk\bin\java.dll
Event: 0.057 Loaded shared library C:\jdk\bin\jsvml.dll
Event: 0.147 Loaded shared library C:\jdk\bin\zip.dll
Event: 0.150 Loaded shared library C:\jdk\bin\instrument.dll
Event: 0.154 Loaded shared library C:\jdk\bin\net.dll
Event: 0.155 Loaded shared library C:\jdk\bin\nio.dll
Event: 0.157 Loaded shared library C:\jdk\bin\zip.dll
Event: 0.239 Loaded shared library C:\jdk\bin\extnet.dll
Event: 0.278 Loaded shared library C:\jdk\bin\jimage.dll
Event: 1.062 Loaded shared library C:\jdk\bin\le.dll
Event: 1.616 Loaded shared library C:\jdk\bin\sunmscapi.dll
Event: 4.518 Loaded shared library C:\jdk\bin\management.dll
Event: 4.519 Loaded shared library C:\jdk\bin\management_ext.dll
Event: 5.195 Loaded shared library C:\jdk\bin\verify.dll

Deoptimization events (20 events):
Event: 7.378 Thread 0x0000022b86f59460 Uncommon trap: trap_request=0xffffffc6 fr.pc=0x0000022b96f5dd68 relative=0x0000000000001348
Event: 7.378 Thread 0x0000022b86f59460 Uncommon trap: reason=bimorphic_or_optimized_type_check action=maybe_recompile pc=0x0000022b96f5dd68 method=org.springframework.core.annotation.AnnotationsScanner.processClassHierarchy(Ljava/lang/Object;[ILjava/lang/Class;Lorg/springframework/core/annotat
Event: 7.378 Thread 0x0000022b86f59460 DEOPT PACKING pc=0x0000022b96f5dd68 sp=0x00000049029fdc40
Event: 7.378 Thread 0x0000022b86f59460 DEOPT UNPACKING pc=0x0000022b968346a2 sp=0x00000049029fdc48 mode 2
Event: 7.379 Thread 0x0000022b86f59460 Uncommon trap: trap_request=0xffffffc6 fr.pc=0x0000022b96f5dd68 relative=0x0000000000001348
Event: 7.379 Thread 0x0000022b86f59460 Uncommon trap: reason=bimorphic_or_optimized_type_check action=maybe_recompile pc=0x0000022b96f5dd68 method=org.springframework.core.annotation.AnnotationsScanner.processClassHierarchy(Ljava/lang/Object;[ILjava/lang/Class;Lorg/springframework/core/annotat
Event: 7.379 Thread 0x0000022b86f59460 DEOPT PACKING pc=0x0000022b96f5dd68 sp=0x00000049029fdc40
Event: 7.379 Thread 0x0000022b86f59460 DEOPT UNPACKING pc=0x0000022b968346a2 sp=0x00000049029fdc48 mode 2
Event: 7.548 Thread 0x0000022b86f59460 Uncommon trap: trap_request=0xffffff45 fr.pc=0x0000022b96f76fa4 relative=0x00000000000006a4
Event: 7.548 Thread 0x0000022b86f59460 Uncommon trap: reason=unstable_if action=reinterpret pc=0x0000022b96f76fa4 method=org.springframework.core.annotation.AnnotationsScanner.processClassHierarchy(Ljava/lang/Object;[ILjava/lang/Class;Lorg/springframework/core/annotation/AnnotationsProcessor;Z
Event: 7.548 Thread 0x0000022b86f59460 DEOPT PACKING pc=0x0000022b96f76fa4 sp=0x00000049029fd8a0
Event: 7.548 Thread 0x0000022b86f59460 DEOPT UNPACKING pc=0x0000022b968346a2 sp=0x00000049029fd8a8 mode 2
Event: 7.796 Thread 0x0000022b86f59460 Uncommon trap: trap_request=0xffffff45 fr.pc=0x0000022b96f0e830 relative=0x0000000000000250
Event: 7.796 Thread 0x0000022b86f59460 Uncommon trap: reason=unstable_if action=reinterpret pc=0x0000022b96f0e830 method=org.springframework.beans.factory.support.AbstractAutowireCapableBeanFactory.determineTargetType(Ljava/lang/String;Lorg/springframework/beans/factory/support/RootBeanDefinit
Event: 7.796 Thread 0x0000022b86f59460 DEOPT PACKING pc=0x0000022b96f0e830 sp=0x00000049029fdcf0
Event: 7.796 Thread 0x0000022b86f59460 DEOPT UNPACKING pc=0x0000022b968346a2 sp=0x00000049029fdcd8 mode 2
Event: 1502.483 Thread 0x0000022b86f59460 Uncommon trap: trap_request=0xffffffde fr.pc=0x0000022b97055380 relative=0x0000000000000160
Event: 1502.483 Thread 0x0000022b86f59460 Uncommon trap: reason=class_check action=maybe_recompile pc=0x0000022b97055380 method=java.lang.reflect.Method.equals(Ljava/lang/Object;)Z @ 1 c2
Event: 1502.483 Thread 0x0000022b86f59460 DEOPT PACKING pc=0x0000022b97055380 sp=0x00000049029fe140
Event: 1502.483 Thread 0x0000022b86f59460 DEOPT UNPACKING pc=0x0000022b968346a2 sp=0x00000049029fe0c8 mode 2

Classes loaded (20 events):
Event: 7.157 Loading class java/lang/Character$UnicodeBlock
Event: 7.165 Loading class java/lang/Character$Subset
Event: 7.166 Loading class java/lang/Character$Subset done
Event: 7.169 Loading class java/lang/Character$UnicodeBlock done
Event: 7.233 Loading class java/util/regex/Pattern$SliceU
Event: 7.233 Loading class java/util/regex/Pattern$SliceU done
Event: 7.233 Loading class java/util/regex/Pattern$Bound
Event: 7.233 Loading class java/util/regex/Pattern$Bound done
Event: 7.233 Loading class java/util/regex/Pattern$SliceI
Event: 7.233 Loading class java/util/regex/Pattern$SliceI done
Event: 7.234 Loading class java/util/regex/Pattern$LookBehindEndNode
Event: 7.234 Loading class java/util/regex/Pattern$LookBehindEndNode done
Event: 7.234 Loading class java/util/regex/Pattern$NotBehind
Event: 7.234 Loading class java/util/regex/Pattern$NotBehind done
Event: 7.235 Loading class java/util/regex/Pattern$Behind
Event: 7.235 Loading class java/util/regex/Pattern$Behind done
Event: 7.318 Loading class java/nio/charset/UnsupportedCharsetException
Event: 7.318 Loading class java/nio/charset/UnsupportedCharsetException done
Event: 7.365 Loading class java/util/Comparators$NullComparator
Event: 7.365 Loading class java/util/Comparators$NullComparator done

Classes unloaded (0 events):
No events

Classes redefined (0 events):
No events

Internal exceptions (20 events):
Event: 6.675 Thread 0x0000022b86f59460 Exception <a 'java/lang/NoSuchMethodError'{0x000000008484c5b0}: 'void java.lang.invoke.DirectMethodHandle$Holder.invokeSpecial(java.lang.Object, java.lang.Object, int, java.lang.Object)'> (0x000000008484c5b0) 
thrown [s\open\src\hotspot\share\interpreter\linkResolver.cpp, line 774]
Event: 6.675 Thread 0x0000022b86f59460 Exception <a 'java/lang/IncompatibleClassChangeError'{0x0000000084852b58}: Found class java.lang.Object, but interface was expected> (0x0000000084852b58) 
thrown [s\open\src\hotspot\share\interpreter\linkResolver.cpp, line 841]
Event: 6.696 Thread 0x0000022b86f59460 Exception <a 'java/lang/NoSuchMethodError'{0x000000008479a9c0}: 'int java.lang.invoke.DirectMethodHandle$Holder.invokeStatic(java.lang.Object, int, java.lang.Object)'> (0x000000008479a9c0) 
thrown [s\open\src\hotspot\share\interpreter\linkResolver.cpp, line 774]
Event: 6.698 Thread 0x0000022b86f59460 Exception <a 'java/lang/NoSuchMethodError'{0x00000000847b6810}: 'java.lang.Object java.lang.invoke.DirectMethodHandle$Holder.newInvokeSpecial(java.lang.Object, java.lang.Object, java.lang.Object, java.lang.Object, java.lang.Object, int, java.lang.Object)'> (0x00000000847b6810) 
thrown [s\open\src\hotspot\share\interpreter\linkResolver.cpp, line 774]
Event: 6.701 Thread 0x0000022b86f59460 Exception <a 'java/lang/NoSuchMethodError'{0x00000000847f1d00}: 'java.lang.Object java.lang.invoke.DirectMethodHandle$Holder.newInvokeSpecial(java.lang.Object, java.lang.Object, java.lang.Object, java.lang.Object, java.lang.Object, java.lang.Object, java.lang.Object, java.lang.Object, java.lang.Object, java.lang.Object, java.lang.Object, java.lang.Object)'> (0x00000000847f1d00) 
thrown [s\open\src\hotspot\share\interpreter\linkResolver.cpp, line 774]
Event: 6.701 Thread 0x0000022b86f59460 Exception <a 'java/lang/NoSuchMethodError'{0x00000000847f65a8}: 'java.lang.Object java.lang.invoke.DirectMethodHandle$Holder.invokeSpecial(java.lang.Object, java.lang.Object, java.lang.Object, java.lang.Object, java.lang.Object, java.lang.Object, java.lang.Object, java.lang.Object, java.lang.Object, java.lang.Object, java.lang.Object, java.lang.Object, java.lang.Object)'> (0x00000000847f65a8) 
thrown [s\open\src\hotspot\share\interpreter\linkResolver.cpp, line 774]
Event: 6.702 Thread 0x0000022b86f59460 Exception <a 'java/lang/NoSuchMethodError'{0x00000000847faa80}: 'java.lang.Object java.lang.invoke.Invokers$Holder.linkToTargetMethod(java.lang.Object, java.lang.Object, java.lang.Object, java.lang.Object, java.lang.Object, java.lang.Object, java.lang.Object, java.lang.Object, java.lang.Object, java.lang.Object, java.lang.Object, java.lang.Object)'> (0x00000000847faa80) 
thrown [s\open\src\hotspot\share\interpreter\linkResolver.cpp, line 774]
Event: 6.721 Thread 0x0000022b86f59460 Exception <a 'java/lang/NoSuchMethodError'{0x00000000846db098}: 'void java.lang.invoke.DirectMethodHandle$Holder.invokeStatic(java.lang.Object, java.lang.Object, java.lang.Object, java.lang.Object, int, java.lang.Object)'> (0x00000000846db098) 
thrown [s\open\src\hotspot\share\interpreter\linkResolver.cpp, line 774]
Event: 6.744 Thread 0x0000022b86f59460 Exception <a 'java/lang/NoSuchMethodError'{0x0000000084414040}: 'java.lang.Object java.lang.invoke.DirectMethodHandle$Holder.newInvokeSpecial(java.lang.Object, java.lang.Object, java.lang.Object, java.lang.Object, java.lang.Object, java.lang.Object, java.lang.Object, int)'> (0x0000000084414040) 
thrown [s\open\src\hotspot\share\interpreter\linkResolver.cpp, line 774]
Event: 6.744 Thread 0x0000022b86f59460 Exception <a 'java/lang/NoSuchMethodError'{0x00000000844185d0}: 'java.lang.Object java.lang.invoke.DirectMethodHandle$Holder.invokeSpecial(java.lang.Object, java.lang.Object, java.lang.Object, java.lang.Object, java.lang.Object, java.lang.Object, java.lang.Object, java.lang.Object, int)'> (0x00000000844185d0) 
thrown [s\open\src\hotspot\share\interpreter\linkResolver.cpp, line 774]
Event: 6.745 Thread 0x0000022b86f59460 Exception <a 'java/lang/NoSuchMethodError'{0x000000008441c5e8}: 'java.lang.Object java.lang.invoke.Invokers$Holder.linkToTargetMethod(java.lang.Object, java.lang.Object, java.lang.Object, java.lang.Object, java.lang.Object, java.lang.Object, int, java.lang.Object)'> (0x000000008441c5e8) 
thrown [s\open\src\hotspot\share\interpreter\linkResolver.cpp, line 774]
Event: 6.757 Thread 0x0000022b86f59460 Exception <a 'java/lang/NoSuchMethodError'{0x00000000844ae4d0}: 'void java.lang.invoke.DirectMethodHandle$Holder.invokeInterface(java.lang.Object, java.lang.Object)'> (0x00000000844ae4d0) 
thrown [s\open\src\hotspot\share\interpreter\linkResolver.cpp, line 774]
Event: 6.823 Thread 0x0000022b86f59460 Exception <a 'java/lang/NoSuchMethodError'{0x000000008403f038}: 'void java.lang.invoke.Invokers$Holder.invokeExact_MT(java.lang.Object, java.lang.Object, java.lang.Object, java.lang.Object)'> (0x000000008403f038) 
thrown [s\open\src\hotspot\share\interpreter\linkResolver.cpp, line 774]
Event: 6.843 Thread 0x0000022b86f59460 Implicit null exception at 0x0000022b97069e73 to 0x0000022b9706a0dc
Event: 6.882 Thread 0x0000022b86f59460 Exception <a 'java/lang/IncompatibleClassChangeError'{0x0000000083c096f0}: Found class java.lang.Object, but interface was expected> (0x0000000083c096f0) 
thrown [s\open\src\hotspot\share\interpreter\linkResolver.cpp, line 841]
Event: 6.891 Thread 0x0000022b86f59460 Exception <a 'java/lang/IncompatibleClassChangeError'{0x0000000083c7f9c8}: Found class java.lang.Object, but interface was expected> (0x0000000083c7f9c8) 
thrown [s\open\src\hotspot\share\interpreter\linkResolver.cpp, line 841]
Event: 6.920 Thread 0x0000022b86f59460 Exception <a 'java/lang/IncompatibleClassChangeError'{0x0000000083bd4fc0}: Found class java.lang.Object, but interface was expected> (0x0000000083bd4fc0) 
thrown [s\open\src\hotspot\share\interpreter\linkResolver.cpp, line 841]
Event: 7.072 Thread 0x0000022b86f59460 Exception <a 'java/lang/IncompatibleClassChangeError'{0x00000000873ba7e0}: Found class java.lang.Object, but interface was expected> (0x00000000873ba7e0) 
thrown [s\open\src\hotspot\share\interpreter\linkResolver.cpp, line 841]
Event: 7.197 Thread 0x0000022b86f59460 Exception <a 'java/lang/IncompatibleClassChangeError'{0x0000000089b54bd0}: Found class java.lang.Object, but interface was expected> (0x0000000089b54bd0) 
thrown [s\open\src\hotspot\share\interpreter\linkResolver.cpp, line 841]
Event: 7.433 Thread 0x0000022b86f59460 Exception <a 'java/lang/IncompatibleClassChangeError'{0x0000000084cc17a0}: Found class java.lang.Object, but interface was expected> (0x0000000084cc17a0) 
thrown [s\open\src\hotspot\share\interpreter\linkResolver.cpp, line 841]

ZGC Phase Switch (0 events):
No events

VM Operations (20 events):
Event: 7.034 Executing VM operation: HandshakeAllThreads (Deoptimize) done
Event: 7.088 Executing VM operation: HandshakeAllThreads (Deoptimize)
Event: 7.088 Executing VM operation: HandshakeAllThreads (Deoptimize) done
Event: 7.089 Executing VM operation: HandshakeAllThreads (Deoptimize)
Event: 7.089 Executing VM operation: HandshakeAllThreads (Deoptimize) done
Event: 7.158 Executing VM operation: CollectForMetadataAllocation (Metadata GC Threshold)
Event: 7.165 Executing VM operation: CollectForMetadataAllocation (Metadata GC Threshold) done
Event: 7.165 Executing VM operation: CollectForMetadataAllocation (Metadata GC Threshold)
Event: 7.165 Executing VM operation: CollectForMetadataAllocation (Metadata GC Threshold) done
Event: 7.192 Executing VM operation: G1PauseRemark
Event: 7.197 Executing VM operation: G1PauseRemark done
Event: 7.207 Executing VM operation: G1PauseCleanup
Event: 7.207 Executing VM operation: G1PauseCleanup done
Event: 7.334 Executing VM operation: HandshakeAllThreads (Deoptimize)
Event: 7.334 Executing VM operation: HandshakeAllThreads (Deoptimize) done
Event: 7.385 Executing VM operation: HandshakeAllThreads (Deoptimize)
Event: 7.385 Executing VM operation: HandshakeAllThreads (Deoptimize) done
Event: 7.479 Executing VM operation: HandshakeAllThreads (Deoptimize)
Event: 7.479 Executing VM operation: HandshakeAllThreads (Deoptimize) done
Event: 1502.506 Executing VM operation: G1CollectForAllocation (G1 Evacuation Pause)

Memory protections (0 events):
No events

Nmethod flushes (20 events):
Event: 7.195 Thread 0x0000022ba37884d0 flushing  nmethod 0x0000022b8f508d90
Event: 7.195 Thread 0x0000022ba37884d0 flushing  nmethod 0x0000022b8f681f10
Event: 7.195 Thread 0x0000022ba37884d0 flushing  nmethod 0x0000022b8f682890
Event: 7.195 Thread 0x0000022ba37884d0 flushing  nmethod 0x0000022b8f683090
Event: 7.195 Thread 0x0000022ba37884d0 flushing  nmethod 0x0000022b8f686690
Event: 7.195 Thread 0x0000022ba37884d0 flushing  nmethod 0x0000022b8f78ab90
Event: 7.195 Thread 0x0000022ba37884d0 flushing  nmethod 0x0000022b8f791410
Event: 7.195 Thread 0x0000022ba37884d0 flushing  nmethod 0x0000022b8f793a90
Event: 7.195 Thread 0x0000022ba37884d0 flushing  nmethod 0x0000022b8f7cdf90
Event: 7.195 Thread 0x0000022ba37884d0 flushing  nmethod 0x0000022b8f7d4a90
Event: 7.195 Thread 0x0000022ba37884d0 flushing  nmethod 0x0000022b8f897790
Event: 7.195 Thread 0x0000022ba37884d0 flushing  nmethod 0x0000022b8f897b90
Event: 7.195 Thread 0x0000022ba37884d0 flushing  nmethod 0x0000022b8f899610
Event: 7.195 Thread 0x0000022ba37884d0 flushing  nmethod 0x0000022b8f899b10
Event: 7.195 Thread 0x0000022ba37884d0 flushing  nmethod 0x0000022b8f89b190
Event: 7.195 Thread 0x0000022ba37884d0 flushing  nmethod 0x0000022b8f8d5d10
Event: 7.195 Thread 0x0000022ba37884d0 flushing  nmethod 0x0000022b8f8d7890
Event: 7.195 Thread 0x0000022ba37884d0 flushing  nmethod 0x0000022b8fa20810
Event: 7.195 Thread 0x0000022ba37884d0 flushing  nmethod 0x0000022b8fa22310
Event: 7.195 Thread 0x0000022ba37884d0 flushing  nmethod 0x0000022b8fa92510

Events (20 events):
Event: 0.123 Thread 0x0000022b86f59460 Thread added: 0x0000022ba39b9a50
Event: 0.168 Thread 0x0000022ba37c3020 Thread added: 0x0000022ba3ae3080
Event: 0.231 Thread 0x0000022b86f59460 Thread added: 0x0000022ba39b72f0
Event: 0.231 Thread 0x0000022b86f59460 Thread added: 0x0000022ba39b8010
Event: 1.031 Thread 0x0000022b86f59460 Thread added: 0x0000022ba39b6c60
Event: 1.150 Thread 0x0000022ba3ae3080 Thread added: 0x0000022be9b81960
Event: 1.624 Thread 0x0000022ba39b6c60 Thread exited: 0x0000022ba39b6c60
Event: 1.719 Thread 0x0000022b86f59460 Thread added: 0x0000022ba39b65d0
Event: 1.761 Thread 0x0000022ba39b65d0 Thread exited: 0x0000022ba39b65d0
Event: 4.279 Thread 0x0000022be9b81960 Thread exited: 0x0000022be9b81960
Event: 4.280 Thread 0x0000022ba3ae3080 Thread exited: 0x0000022ba3ae3080
Event: 4.573 Thread 0x0000022ba37c3020 Thread added: 0x0000022bea48b0b0
Event: 4.578 Thread 0x0000022bea48b0b0 Thread added: 0x0000022bea48a9e0
Event: 4.644 Thread 0x0000022b86f59460 Thread added: 0x0000022bed46f130
Event: 4.648 Thread 0x0000022bed46f130 Thread added: 0x0000022bed46bcb0
Event: 4.656 Thread 0x0000022b86f59460 Thread added: 0x0000022bed471200
Event: 5.759 Thread 0x0000022b86f59460 Thread added: 0x0000022bed46fe50
Event: 5.873 Thread 0x0000022bed46fe50 Thread added: 0x0000022bed470b70
Event: 6.809 Thread 0x0000022b86f59460 Thread added: 0x0000022bed46f7c0
Event: 6.810 Thread 0x0000022bed46f7c0 Thread exited: 0x0000022bed46f7c0


Dynamic libraries:
0x00007ff6c2910000 - 0x00007ff6c2920000 	C:\jdk\bin\java.exe
0x00007ffbffcf0000 - 0x00007ffbffee8000 	C:\Windows\SYSTEM32\ntdll.dll
0x00007ffbfdda0000 - 0x00007ffbfde61000 	C:\Windows\System32\KERNEL32.DLL
0x00007ffbfd410000 - 0x00007ffbfd70d000 	C:\Windows\System32\KERNELBASE.dll
0x00007ffbfd9a0000 - 0x00007ffbfdaa0000 	C:\Windows\System32\ucrtbase.dll
0x00007ffbf0760000 - 0x00007ffbf0777000 	C:\jdk\bin\jli.dll
0x00007ffbfa9c0000 - 0x00007ffbfa9db000 	C:\jdk\bin\VCRUNTIME140.dll
0x00007ffbfe5f0000 - 0x00007ffbfe78d000 	C:\Windows\System32\USER32.dll
0x00007ffbe82f0000 - 0x00007ffbe858a000 	C:\Windows\WinSxS\amd64_microsoft.windows.common-controls_6595b64144ccf1df_6.0.19041.4355_none_60b8b9eb71f62e16\COMCTL32.dll
0x00007ffbfe140000 - 0x00007ffbfe1de000 	C:\Windows\System32\msvcrt.dll
0x00007ffbfdaa0000 - 0x00007ffbfdac2000 	C:\Windows\System32\win32u.dll
0x00007ffbfec00000 - 0x00007ffbfec2b000 	C:\Windows\System32\GDI32.dll
0x00007ffbfdb70000 - 0x00007ffbfdc87000 	C:\Windows\System32\gdi32full.dll
0x00007ffbfdad0000 - 0x00007ffbfdb6d000 	C:\Windows\System32\msvcp_win.dll
0x00007ffbfe100000 - 0x00007ffbfe12f000 	C:\Windows\System32\IMM32.DLL
0x00007ffbf67e0000 - 0x00007ffbf67ec000 	C:\jdk\bin\vcruntime140_1.dll
0x00007ffbee500000 - 0x00007ffbee58e000 	C:\jdk\bin\msvcp140.dll
0x00007ffbba860000 - 0x00007ffbbb5a9000 	C:\jdk\bin\server\jvm.dll
0x00007ffbfe540000 - 0x00007ffbfe5f0000 	C:\Windows\System32\ADVAPI32.dll
0x00007ffbff490000 - 0x00007ffbff530000 	C:\Windows\System32\sechost.dll
0x00007ffbfe9b0000 - 0x00007ffbfead3000 	C:\Windows\System32\RPCRT4.dll
0x00007ffbfd970000 - 0x00007ffbfd997000 	C:\Windows\System32\bcrypt.dll
0x00007ffbfeae0000 - 0x00007ffbfeb4b000 	C:\Windows\System32\WS2_32.dll
0x00007ffbfc890000 - 0x00007ffbfc8db000 	C:\Windows\SYSTEM32\POWRPROF.dll
0x00007ffbf1800000 - 0x00007ffbf180a000 	C:\Windows\SYSTEM32\VERSION.dll
0x00007ffbe7610000 - 0x00007ffbe7637000 	C:\Windows\SYSTEM32\WINMM.dll
0x00007ffbfc750000 - 0x00007ffbfc762000 	C:\Windows\SYSTEM32\UMPDC.dll
0x00007ffbfb1e0000 - 0x00007ffbfb1f2000 	C:\Windows\SYSTEM32\kernel.appcore.dll
0x00007ffbef9e0000 - 0x00007ffbef9ea000 	C:\jdk\bin\jimage.dll
0x00007ffbf01b0000 - 0x00007ffbf0394000 	C:\Windows\SYSTEM32\DBGHELP.DLL
0x00007ffbf0170000 - 0x00007ffbf01a4000 	C:\Windows\SYSTEM32\dbgcore.DLL
0x00007ffbfdc90000 - 0x00007ffbfdd12000 	C:\Windows\System32\bcryptPrimitives.dll
0x00007ffbef970000 - 0x00007ffbef97f000 	C:\jdk\bin\instrument.dll
0x00007ffbee4e0000 - 0x00007ffbee4fe000 	C:\jdk\bin\java.dll
0x00007ffbfec40000 - 0x00007ffbff3af000 	C:\Windows\System32\SHELL32.dll
0x00007ffbffb80000 - 0x00007ffbffcab000 	C:\Windows\System32\ole32.dll
0x00007ffbfe1e0000 - 0x00007ffbfe533000 	C:\Windows\System32\combase.dll
0x00007ffbfb3e0000 - 0x00007ffbfbb7f000 	C:\Windows\SYSTEM32\windows.storage.dll
0x00007ffbfcce0000 - 0x00007ffbfcd0e000 	C:\Windows\SYSTEM32\Wldp.dll
0x00007ffbff3b0000 - 0x00007ffbff47d000 	C:\Windows\System32\OLEAUT32.dll
0x00007ffbfe900000 - 0x00007ffbfe9ad000 	C:\Windows\System32\SHCORE.dll
0x00007ffbfdef0000 - 0x00007ffbfdf45000 	C:\Windows\System32\shlwapi.dll
0x00007ffbfd2d0000 - 0x00007ffbfd2f4000 	C:\Windows\SYSTEM32\profapi.dll
0x00007ffbe4770000 - 0x00007ffbe4847000 	C:\jdk\bin\jsvml.dll
0x00007ffbee4a0000 - 0x00007ffbee4b7000 	C:\jdk\bin\zip.dll
0x00007ffbef5e0000 - 0x00007ffbef5f0000 	C:\jdk\bin\net.dll
0x00007ffbfcac0000 - 0x00007ffbfcb2a000 	C:\Windows\system32\mswsock.dll
0x00007ffbee4c0000 - 0x00007ffbee4d6000 	C:\jdk\bin\nio.dll
0x00007ffbef580000 - 0x00007ffbef589000 	C:\jdk\bin\extnet.dll
0x00007ffbee690000 - 0x00007ffbee69b000 	C:\jdk\bin\le.dll
0x00007ffbee860000 - 0x00007ffbee86e000 	C:\jdk\bin\sunmscapi.dll
0x00007ffbfd760000 - 0x00007ffbfd8be000 	C:\Windows\System32\CRYPT32.dll
0x00007ffbfce30000 - 0x00007ffbfce59000 	C:\Windows\SYSTEM32\ncrypt.dll
0x00007ffbfcdf0000 - 0x00007ffbfce2b000 	C:\Windows\SYSTEM32\NTASN1.dll
0x00007ffbfcd20000 - 0x00007ffbfcd38000 	C:\Windows\SYSTEM32\CRYPTSP.dll
0x00007ffbfc390000 - 0x00007ffbfc3c4000 	C:\Windows\system32\rsaenh.dll
0x00007ffbfd280000 - 0x00007ffbfd2ae000 	C:\Windows\SYSTEM32\USERENV.dll
0x00007ffbfcc50000 - 0x00007ffbfcc5c000 	C:\Windows\SYSTEM32\CRYPTBASE.dll
0x00007ffbfc770000 - 0x00007ffbfc7ab000 	C:\Windows\SYSTEM32\IPHLPAPI.DLL
0x00007ffbfec30000 - 0x00007ffbfec38000 	C:\Windows\System32\NSI.dll
0x00007ffbeeb30000 - 0x00007ffbeeb3a000 	C:\jdk\bin\management.dll
0x00007ffbeea70000 - 0x00007ffbeea7b000 	C:\jdk\bin\management_ext.dll
0x00007ffbff480000 - 0x00007ffbff488000 	C:\Windows\System32\PSAPI.DLL
0x00007ffbee1e0000 - 0x00007ffbee1f0000 	C:\jdk\bin\verify.dll

dbghelp: loaded successfully - version: 4.0.5 - missing functions: none
symbol engine: initialized successfully - sym options: 0x614 - pdb path: .;C:\jdk\bin;C:\Windows\SYSTEM32;C:\Windows\WinSxS\amd64_microsoft.windows.common-controls_6595b64144ccf1df_6.0.19041.4355_none_60b8b9eb71f62e16;C:\jdk\bin\server

VM Arguments:
jvm_args: -javaagent:C:\Users\AWS\Desktop\ãÌáÏ ÌÏíÏ (2)\lib\idea_rt.jar=49496:C:\Users\AWS\Desktop\ãÌáÏ ÌÏíÏ (2)\bin -Dfile.encoding=UTF-8 -Dsun.stdout.encoding=UTF-8 -Dsun.stderr.encoding=UTF-8 
java_command: firsProject.booksProject.BooksProjectApplication
java_class_path (initial): C:\Users\AWS\Desktop\booksProject\books-project\target\classes;C:\Users\AWS\.m2\repository\org\springframework\boot\spring-boot-starter-data-jpa\3.3.3\spring-boot-starter-data-jpa-3.3.3.jar;C:\Users\AWS\.m2\repository\org\springframework\boot\spring-boot-starter-aop\3.3.3\spring-boot-starter-aop-3.3.3.jar;C:\Users\AWS\.m2\repository\org\aspectj\aspectjweaver\1.9.22.1\aspectjweaver-1.9.22.1.jar;C:\Users\AWS\.m2\repository\org\springframework\boot\spring-boot-starter-jdbc\3.3.3\spring-boot-starter-jdbc-3.3.3.jar;C:\Users\AWS\.m2\repository\com\zaxxer\HikariCP\5.1.0\HikariCP-5.1.0.jar;C:\Users\AWS\.m2\repository\org\springframework\spring-jdbc\6.1.12\spring-jdbc-6.1.12.jar;C:\Users\AWS\.m2\repository\org\hibernate\orm\hibernate-core\6.5.2.Final\hibernate-core-6.5.2.Final.jar;C:\Users\AWS\.m2\repository\jakarta\persistence\jakarta.persistence-api\3.1.0\jakarta.persistence-api-3.1.0.jar;C:\Users\AWS\.m2\repository\jakarta\transaction\jakarta.transaction-api\2.0.1\jakarta.transaction-api-2.0.1.jar;C:\Users\AWS\.m2\repository\org\jboss\logging\jboss-logging\3.5.3.Final\jboss-logging-3.5.3.Final.jar;C:\Users\AWS\.m2\repository\org\hibernate\common\hibernate-commons-annotations\6.0.6.Final\hibernate-commons-annotations-6.0.6.Final.jar;C:\Users\AWS\.m2\repository\io\smallrye\jandex\3.1.2\jandex-3.1.2.jar;C:\Users\AWS\.m2\repository\com\fasterxml\classmate\1.7.0\classmate-1.7.0.jar;C:\Users\AWS\.m2\repository\net\bytebuddy\byte-buddy\1.14.19\byte-buddy-1.14.19.jar;C:\Users\AWS\.m2\repository\org\glassfish\jaxb\jaxb-runtime\4.0.5\jaxb-runtime-4.0.5.jar;C:\Users\AWS\.m2\repository\org\glassfish\jaxb\jaxb-core\4.0.5\jaxb-core-4.0.5.jar;C:\Users\AWS\.m2\repository\org\eclipse\angus\angus-activation\2.0.2\angus-activation-2.0.2.jar;C:\Users\AWS\.m2\repository\org\glassfish\jaxb\txw2\4.0.5\txw2-4.0.5.jar;C:\Users\AWS\.m2\repository\com\sun\istack\istack-commons-runtime\4.1.2\istack-commons-runtime-4.1.2.jar;C:\Users\AWS\.m2\repository\jakarta\inject\jakarta.inject-api\2.0.1\jakarta.inject-api-2.0.1.jar;C:\Users\AWS\.m2\repository\org\antlr\antlr4-runtime\4.13.0\antlr4-runtime-4.13.0.jar;C:\Users\AWS\.m2\repository\org\springframework\data\spring-data-jpa\3.3.3\spring-data-jpa-3.3.3.jar;C:\Users\AWS\.m2\repository\org\springframework\data\spring-data-commons\3.3.3\spring-data-commons-3.3.3.jar;C:\Users\AWS\.m2\repository\org\springframework\spring-orm\6.1.12\spring-orm-6.1.12.jar;C:\Users\AWS\.m2\repository\org\springframework\spring-context\6.1.12\spring-context-6.1.12.jar;C:\Users\AWS\.m2\repository\org\springframework\spring-tx\6.1.12\spring-tx-6.1.12.jar;C:\Users\AWS\.m2\repository\org\springframework\spring-beans\6.1.12\spring-beans-6.1.12.jar;C:\Users\AWS\.m2\repository\jakarta\annotation\jakarta.annotation-api\2.1.1\jakarta.annotation-api-2.1.1.jar;C:\Users\AWS\.m2\repository\org\slf4j\slf4j-api\2.0.16\slf4j-api-2.0.16.jar;C:\Users\AWS\.m2\repository\org\springframework\spring-aspects\6.1.12\spring-aspects-6.1.12.jar;C:\Users\AWS\.m2\repository\org\springframework\boot\spring-boot-starter-security\3.3.3\spring-boot-starter-security-3.3.3.jar;C:\Users\AWS\.m2\repository\org\springframework\boot\spring-boot-starter\3.3.3\spring-boot-starter-3.3.3.jar;C:\Users\AWS\.m2\repository\org\springframework\boot\spring-boot\3.3.3\spring-boot-3.3.3.jar;C:\Users\AWS\.m2\repository\org\springframework\boot\spring-boot-autoconfigure\3.3.3\spring-boot-autoconfigure-3.3.3.jar;C:\Users\AWS\.m2\repository\org\springframework\boot\spring-boot-starter-logging\3.3.3\spring-boot-starter-logging-3.3.3.jar;C:\Users\AWS\.m2\repository\ch\qos\logback\logback-classic\1.5.7\logback-classic-1.5.7.jar;C:\Users\AWS\.m2\repository\ch\qos\logback\logback-core\1.5.7\logback-core-1.5.7.jar;C:\Users\AWS\.m2\repository\org\apache\logging\log4j\log4j-to-slf4j\2.23.1\log4j-to-slf4j-2.23.1.jar;C:\Users\AWS\.m2\repository\org\apache\logging\log4j\log4j-api\2.23.1\log4j-api-2.23.1.jar;C:\Users\AWS\.m2\repository\org\slf4j\jul-to-slf4j\2.0.16\jul-to-slf4j-2.0.16.jar;C:\Users\AWS\.m2\repository\org\yaml\snakeyaml\2.2\snakeyaml-2.2.jar;C:\Users\AWS\.m2\repository\org\springframework\spring-aop\6.1.12\spring-aop-6.1.12.jar;C:\Users\AWS\.m2\repository\org\springframework\security\spring-security-config\6.3.3\spring-security-config-6.3.3.jar;C:\Users\AWS\.m2\repository\org\springframework\security\spring-security-web\6.3.3\spring-security-web-6.3.3.jar;C:\Users\AWS\.m2\repository\org\springframework\spring-expression\6.1.12\spring-expression-6.1.12.jar;C:\Users\AWS\.m2\repository\org\springframework\boot\spring-boot-starter-thymeleaf\3.3.3\spring-boot-starter-thymeleaf-3.3.3.jar;C:\Users\AWS\.m2\repository\org\thymeleaf\thymeleaf-spring6\3.1.2.RELEASE\thymeleaf-spring6-3.1.2.RELEASE.jar;C:\Users\AWS\.m2\repository\org\thymeleaf\thymeleaf\3.1.2.RELEASE\thymeleaf-3.1.2.RELEASE.jar;C:\Users\AWS\.m2\repository\org\attoparser\attoparser\2.0.7.RELEASE\attoparser-2.0.7.RELEASE.jar;C:\Users\AWS\.m2\repository\org\unbescape\unbescape\1.1.6.RELEASE\unbescape-1.1.6.RELEASE.jar;C:\Users\AWS\.m2\repository\org\springframework\boot\spring-boot-starter-web\3.3.3\spring-boot-starter-web-3.3.3.jar;C:\Users\AWS\.m2\repository\org\springframework\boot\spring-boot-starter-json\3.3.3\spring-boot-starter-json-3.3.3.jar;C:\Users\AWS\.m2\repository\com\fasterxml\jackson\core\jackson-databind\2.17.2\jackson-databind-2.17.2.jar;C:\Users\AWS\.m2\repository\com\fasterxml\jackson\core\jackson-annotations\2.17.2\jackson-annotations-2.17.2.jar;C:\Users\AWS\.m2\repository\com\fasterxml\jackson\core\jackson-core\2.17.2\jackson-core-2.17.2.jar;C:\Users\AWS\.m2\repository\com\fasterxml\jackson\datatype\jackson-datatype-jdk8\2.17.2\jackson-datatype-jdk8-2.17.2.jar;C:\Users\AWS\.m2\repository\com\fasterxml\jackson\datatype\jackson-datatype-jsr310\2.17.2\jackson-datatype-jsr310-2.17.2.jar;C:\Users\AWS\.m2\repository\com\fasterxml\jackson\module\jackson-module-parameter-names\2.17.2\jackson-module-parameter-names-2.17.2.jar;C:\Users\AWS\.m2\repository\org\springframework\boot\spring-boot-starter-tomcat\3.3.3\spring-boot-starter-tomcat-3.3.3.jar;C:\Users\AWS\.m2\repository\org\apache\tomcat\embed\tomcat-embed-core\10.1.28\tomcat-embed-core-10.1.28.jar;C:\Users\AWS\.m2\repository\org\apache\tomcat\embed\tomcat-embed-el\10.1.28\tomcat-embed-el-10.1.28.jar;C:\Users\AWS\.m2\repository\org\apache\tomcat\embed\tomcat-embed-websocket\10.1.28\tomcat-embed-websocket-10.1.28.jar;C:\Users\AWS\.m2\repository\org\springframework\spring-web\6.1.12\spring-web-6.1.12.jar;C:\Users\AWS\.m2\repository\io\micrometer\micrometer-observation\1.13.3\micrometer-observation-1.13.3.jar;C:\Users\AWS\.m2\repository\io\micrometer\micrometer-commons\1.13.3\micrometer-commons-1.13.3.jar;C:\Users\AWS\.m2\repository\org\springframework\spring-webmvc\6.1.12\spring-webmvc-6.1.12.jar;C:\Users\AWS\.m2\repository\com\h2database\h2\2.2.224\h2-2.2.224.jar;C:\Users\AWS\.m2\repository\org\projectlombok\lombok\1.18.34\lombok-1.18.34.jar;C:\Users\AWS\.m2\repository\jakarta\xml\bind\jakarta.xml.bind-api\4.0.2\jakarta.xml.bind-api-4.0.2.jar;C:\Users\AWS\.m2\repository\jakarta\activation\jakarta.activation-api\2.1.3\jakarta.activation-api-2.1.3.jar;C:\Users\AWS\.m2\repository\org\springframework\spring-core\6.1.12\spring-core-6.1.12.jar;C:\Users\AWS\.m2\repository\org\springframework\spring-jcl\6.1.12\spring-jcl-6.1.12.jar;C:\Users\AWS\.m2\repository\org\springframework\security\spring-security-core\6.3.3\spring-security-core-6.3.3.jar;C:\Users\AWS\.m2\repository\org\springframework\security\spring-security-crypto\6.3.3\spring-security-crypto-6.3.3.jar
Launcher Type: SUN_STANDARD

[Global flags]
     intx CICompilerCount                          = 4                                         {product} {ergonomic}
     uint ConcGCThreads                            = 2                                         {product} {ergonomic}
     uint G1ConcRefinementThreads                  = 8                                         {product} {ergonomic}
   size_t G1HeapRegionSize                         = 1048576                                   {product} {ergonomic}
   size_t InitialHeapSize                          = 134217728                                 {product} {ergonomic}
   size_t MarkStackSize                            = 4194304                                   {product} {ergonomic}
   size_t MaxHeapSize                              = 2118123520                                {product} {ergonomic}
   size_t MaxNewSize                               = 1270874112                                {product} {ergonomic}
   size_t MinHeapDeltaBytes                        = 1048576                                   {product} {ergonomic}
   size_t MinHeapSize                              = 8388608                                   {product} {ergonomic}
    uintx NonNMethodCodeHeapSize                   = 5839372                                {pd product} {ergonomic}
    uintx NonProfiledCodeHeapSize                  = 122909434                              {pd product} {ergonomic}
    uintx ProfiledCodeHeapSize                     = 122909434                              {pd product} {ergonomic}
    uintx ReservedCodeCacheSize                    = 251658240                              {pd product} {ergonomic}
     bool SegmentedCodeCache                       = true                                      {product} {ergonomic}
   size_t SoftMaxHeapSize                          = 2118123520                             {manageable} {ergonomic}
     bool UseCompressedOops                        = true                           {product lp64_product} {ergonomic}
     bool UseG1GC                                  = true                                      {product} {ergonomic}
     bool UseLargePagesIndividualAllocation        = false                                  {pd product} {ergonomic}

Logging:
Log output configuration:
 #0: stdout all=warning uptime,level,tags foldmultilines=false
 #1: stderr all=off uptime,level,tags foldmultilines=false

Environment Variables:
PATH=C:\Program Files (x86)\Common Files\Oracle\Java\javapath;C:\ProgramData\Oracle\Java\javapath;C:\Windows\system32;C:\Windows;C:\Windows\System32\Wbem;C:\Windows\System32\WindowsPowerShell\v1.0\;C:\Windows\System32\OpenSSH\;C:\Program Files\dotnet\;F:\code blocks tdm gcc\bin;C:\Program Files (x86)\Git\cmd;C:\Program Files\nodejs\;C:\Program Files\Docker\Docker\resources\bin;C:\Users\AWS\AppData\Local\Microsoft\WindowsApps;C:\Users\AWS\AppData\Local\Programs\Microsoft VS Code\bin;C:\TDM-GCC-32\bin;C:\Users\AWS\AppData\Local\GitHubDesktop\bin;C:\Users\AWS\AppData\Roaming\npm;C:\Program Files\JetBrains\IntelliJ IDEA 2024.2.0.1\bin;;C:\Grandle\bin;C:\maven\bin;C:\jdk\bin;
USERNAME=AWS
OS=Windows_NT
PROCESSOR_IDENTIFIER=Intel64 Family 6 Model 60 Stepping 3, GenuineIntel
TMP=C:\Users\AWS\AppData\Local\Temp
TEMP=C:\Users\AWS\AppData\Local\Temp




Periodic native trim disabled

---------------  S Y S T E M  ---------------

OS:
 Windows 10 , 64 bit Build 19041 (10.0.19041.4717)
OS uptime: 3 days 0:35 hours
Hyper-V role detected

CPU: total 8 (initial active 8) (4 cores per cpu, 2 threads per core) family 6 model 60 stepping 3 microcode 0x27, cx8, cmov, fxsr, ht, mmx, sse, sse2, sse3, ssse3, sse4.1, sse4.2, popcnt, lzcnt, tsc, tscinvbit, avx, avx2, aes, erms, clmul, bmi1, bmi2, fma, vzeroupper, clflush, hv, rdtscp, f16c
Processor Information for all 8 processors :
  Max Mhz: 2401, Current Mhz: 2401, Mhz Limit: 2401

Memory: 4k page, system-wide physical 8075M (2777M free)
TotalPageFile size 10763M (AvailPageFile size 4378M)
current process WorkingSet (physical memory assigned to process): 274M, peak: 279M
current process commit charge ("private bytes"): 312M, peak: 317M

vm_info: Java HotSpot(TM) 64-Bit Server VM (22.0.2+9-70) for windows-amd64 JRE (22.0.2+9-70), built on 2024-06-04T16:52:23Z by "mach5one" with MS VC++ 17.6 (VS2022)

END.
